time="2022-12-26T15:25:22+05:00" level=info msg="create router" func="main.main()" file="app.go: 15"
time="2022-12-26T15:25:22+05:00" level=info msg="register user handler" func="main.main()" file="app.go: 18"
time="2022-12-26T16:07:57+05:00" level=info msg="create router" func="main.main()" file="app.go: 19"
time="2022-12-26T16:07:57+05:00" level=info msg="read application configuration" func="rest-api/internal/config.GetConfig.func1()" file="config.go: 24"
time="2022-12-26T16:07:57+05:00" level=info msg="register user handler" func="main.main()" file="app.go: 24"
time="2022-12-26T16:07:57+05:00" level=info msg="start application" func="main.start()" file="app.go: 35"
time="2022-12-26T16:07:57+05:00" level=info msg="listen tcp" func="main.start()" file="app.go: 48"
time="2022-12-26T16:11:05+05:00" level=info msg="create router" func="main.main()" file="app.go: 19"
time="2022-12-26T16:11:05+05:00" level=info msg="read application configuration" func="rest-api/internal/config.GetConfig.func1()" file="config.go: 24"
time="2022-12-26T16:11:05+05:00" level=info msg="register user handler" func="main.main()" file="app.go: 24"
time="2022-12-26T16:11:05+05:00" level=info msg="start application" func="main.start()" file="app.go: 35"
time="2022-12-26T16:11:05+05:00" level=info msg="create socket" func="main.start()" file="app.go: 42"
time="2022-12-26T16:11:05+05:00" level=debug msg="socket path: D:\\1.p2p\\22-Go_Project\\Rest-api\\build/app.sock" func="main.start()" file="app.go: 44"
time="2022-12-26T16:11:05+05:00" level=info msg="listen unix socket" func="main.start()" file="app.go: 45"
time="2022-12-26T16:11:39+05:00" level=info msg="create router" func="main.main()" file="app.go: 19"
time="2022-12-26T16:11:39+05:00" level=info msg="read application configuration" func="rest-api/internal/config.GetConfig.func1()" file="config.go: 24"
time="2022-12-26T16:11:39+05:00" level=info msg="register user handler" func="main.main()" file="app.go: 24"
time="2022-12-26T16:11:39+05:00" level=info msg="start application" func="main.start()" file="app.go: 35"
time="2022-12-26T16:11:39+05:00" level=info msg="listen tcp" func="main.start()" file="app.go: 48"
time="2022-12-26T16:11:39+05:00" level=info msg="server is listening port 127.0.0.1:1234" func="main.start()" file="app.go: 50"
